{"/home/runner/work/Municipio/Municipio/jest-raw-loader.js": {"path":"/home/runner/work/Municipio/Municipio/jest-raw-loader.js","statementMap":{"0":{"start":{"line":2,"column":11},"end":{"line":2,"column":24}},"1":{"start":{"line":4,"column":0},"end":{"line":26,"column":2}},"2":{"start":{"line":7,"column":18},"end":{"line":7,"column":54}},"3":{"start":{"line":8,"column":4},"end":{"line":21,"column":5}},"4":{"start":{"line":9,"column":23},"end":{"line":9,"column":31}},"5":{"start":{"line":10,"column":6},"end":{"line":20,"column":7}},"6":{"start":{"line":11,"column":24},"end":{"line":11,"column":57}},"7":{"start":{"line":12,"column":8},"end":{"line":14,"column":10}},"8":{"start":{"line":16,"column":8},"end":{"line":16,"column":66}},"9":{"start":{"line":17,"column":8},"end":{"line":19,"column":10}},"10":{"start":{"line":22,"column":4},"end":{"line":24,"column":6}}},"fnMap":{"0":{"name":"(anonymous_0)","decl":{"start":{"line":5,"column":2},"end":{"line":5,"column":3}},"loc":{"start":{"line":5,"column":25},"end":{"line":25,"column":3}},"line":5}},"branchMap":{"0":{"loc":{"start":{"line":8,"column":4},"end":{"line":21,"column":5}},"type":"if","locations":[{"start":{"line":8,"column":4},"end":{"line":21,"column":5}},{"start":{},"end":{}}],"line":8}},"s":{"0":2,"1":2,"2":0,"3":0,"4":0,"5":0,"6":0,"7":0,"8":0,"9":0,"10":0},"f":{"0":0},"b":{"0":[0,0]},"_coverageSchema":"1a1c01bbd47fc00a2c39e90264f33305004495a9","hash":"cfe6364d977a936f739ae388192f95db7925bf60"}
,"/home/runner/work/Municipio/Municipio/assets/source/3.0/js/admin/eventSourceProgress/EventSourceHandlerWithProgressBar.ts": {"path":"/home/runner/work/Municipio/Municipio/assets/source/3.0/js/admin/eventSourceProgress/EventSourceHandlerWithProgressBar.ts","statementMap":{"0":{"start":{"line":8,"column":41},"end":{"line":8,"column":45}},"1":{"start":{"line":14,"column":8},"end":{"line":14,"column":48}},"2":{"start":{"line":15,"column":8},"end":{"line":15,"column":45}},"3":{"start":{"line":16,"column":8},"end":{"line":16,"column":32}},"4":{"start":{"line":17,"column":8},"end":{"line":17,"column":44}},"5":{"start":{"line":21,"column":8},"end":{"line":23,"column":11}},"6":{"start":{"line":22,"column":12},"end":{"line":22,"column":57}},"7":{"start":{"line":28,"column":8},"end":{"line":28,"column":72}},"8":{"start":{"line":29,"column":8},"end":{"line":29,"column":76}},"9":{"start":{"line":30,"column":8},"end":{"line":30,"column":66}},"10":{"start":{"line":31,"column":8},"end":{"line":31,"column":70}},"11":{"start":{"line":35,"column":8},"end":{"line":35,"column":75}},"12":{"start":{"line":36,"column":8},"end":{"line":36,"column":79}},"13":{"start":{"line":37,"column":8},"end":{"line":37,"column":69}},"14":{"start":{"line":38,"column":8},"end":{"line":38,"column":73}},"15":{"start":{"line":42,"column":8},"end":{"line":42,"column":68}},"16":{"start":{"line":46,"column":8},"end":{"line":46,"column":68}},"17":{"start":{"line":50,"column":8},"end":{"line":50,"column":67}},"18":{"start":{"line":51,"column":8},"end":{"line":51,"column":29}},"19":{"start":{"line":52,"column":8},"end":{"line":52,"column":48}},"20":{"start":{"line":56,"column":8},"end":{"line":56,"column":76}},"21":{"start":{"line":57,"column":8},"end":{"line":57,"column":29}},"22":{"start":{"line":58,"column":8},"end":{"line":58,"column":48}}},"fnMap":{"0":{"name":"(anonymous_0)","decl":{"start":{"line":10,"column":4},"end":{"line":10,"column":5}},"loc":{"start":{"line":10,"column":101},"end":{"line":11,"column":5}},"line":10},"1":{"name":"(anonymous_1)","decl":{"start":{"line":13,"column":4},"end":{"line":13,"column":5}},"loc":{"start":{"line":13,"column":25},"end":{"line":18,"column":5}},"line":13},"2":{"name":"(anonymous_2)","decl":{"start":{"line":20,"column":4},"end":{"line":20,"column":5}},"loc":{"start":{"line":20,"column":50},"end":{"line":24,"column":5}},"line":20},"3":{"name":"(anonymous_3)","decl":{"start":{"line":21,"column":82},"end":{"line":21,"column":83}},"loc":{"start":{"line":21,"column":95},"end":{"line":23,"column":9}},"line":21},"4":{"name":"(anonymous_4)","decl":{"start":{"line":27,"column":4},"end":{"line":27,"column":5}},"loc":{"start":{"line":27,"column":57},"end":{"line":32,"column":5}},"line":27},"5":{"name":"(anonymous_5)","decl":{"start":{"line":34,"column":4},"end":{"line":34,"column":5}},"loc":{"start":{"line":34,"column":60},"end":{"line":39,"column":5}},"line":34},"6":{"name":"(anonymous_6)","decl":{"start":{"line":41,"column":4},"end":{"line":41,"column":5}},"loc":{"start":{"line":41,"column":45},"end":{"line":43,"column":5}},"line":41},"7":{"name":"(anonymous_7)","decl":{"start":{"line":45,"column":4},"end":{"line":45,"column":5}},"loc":{"start":{"line":45,"column":48},"end":{"line":47,"column":5}},"line":45},"8":{"name":"(anonymous_8)","decl":{"start":{"line":49,"column":4},"end":{"line":49,"column":5}},"loc":{"start":{"line":49,"column":40},"end":{"line":53,"column":5}},"line":49},"9":{"name":"(anonymous_9)","decl":{"start":{"line":55,"column":4},"end":{"line":55,"column":5}},"loc":{"start":{"line":55,"column":45},"end":{"line":59,"column":5}},"line":55}},"branchMap":{},"s":{"0":0,"1":0,"2":0,"3":0,"4":0,"5":0,"6":0,"7":0,"8":0,"9":0,"10":0,"11":0,"12":0,"13":0,"14":0,"15":0,"16":0,"17":0,"18":0,"19":0,"20":0,"21":0,"22":0},"f":{"0":0,"1":0,"2":0,"3":0,"4":0,"5":0,"6":0,"7":0,"8":0,"9":0},"b":{},"_coverageSchema":"1a1c01bbd47fc00a2c39e90264f33305004495a9","hash":"801d0906417b0e2494eac8d16d5b76c2dda3b266"}
,"/home/runner/work/Municipio/Municipio/assets/source/3.0/js/admin/eventSourceProgress/EventSourceTrigger.ts": {"path":"/home/runner/work/Municipio/Municipio/assets/source/3.0/js/admin/eventSourceProgress/EventSourceTrigger.ts","statementMap":{"0":{"start":{"line":11,"column":8},"end":{"line":11,"column":155}},"1":{"start":{"line":12,"column":8},"end":{"line":12,"column":83}},"2":{"start":{"line":16,"column":8},"end":{"line":16,"column":31}},"3":{"start":{"line":17,"column":8},"end":{"line":17,"column":55}},"4":{"start":{"line":21,"column":35},"end":{"line":21,"column":121}},"5":{"start":{"line":22,"column":28},"end":{"line":22,"column":84}},"6":{"start":{"line":23,"column":8},"end":{"line":23,"column":27}}},"fnMap":{"0":{"name":"(anonymous_0)","decl":{"start":{"line":10,"column":4},"end":{"line":10,"column":5}},"loc":{"start":{"line":10,"column":85},"end":{"line":13,"column":5}},"line":10},"1":{"name":"(anonymous_1)","decl":{"start":{"line":15,"column":4},"end":{"line":15,"column":5}},"loc":{"start":{"line":15,"column":38},"end":{"line":18,"column":5}},"line":15},"2":{"name":"(anonymous_2)","decl":{"start":{"line":20,"column":4},"end":{"line":20,"column":5}},"loc":{"start":{"line":20,"column":46},"end":{"line":24,"column":5}},"line":20}},"branchMap":{},"s":{"0":6,"1":6,"2":1,"3":1,"4":8,"5":8,"6":8},"f":{"0":6,"1":1,"2":8},"b":{},"_coverageSchema":"1a1c01bbd47fc00a2c39e90264f33305004495a9","hash":"0bda75e51f61d4a5c081fab83fc5df2fc12b0a4c"}
,"/home/runner/work/Municipio/Municipio/assets/source/3.0/js/admin/eventSourceProgress/ProgressBar.ts": {"path":"/home/runner/work/Municipio/Municipio/assets/source/3.0/js/admin/eventSourceProgress/ProgressBar.ts","statementMap":{"0":{"start":{"line":10,"column":8},"end":{"line":12,"column":9}},"1":{"start":{"line":11,"column":12},"end":{"line":11,"column":60}},"2":{"start":{"line":14,"column":8},"end":{"line":16,"column":9}},"3":{"start":{"line":15,"column":12},"end":{"line":15,"column":74}},"4":{"start":{"line":20,"column":8},"end":{"line":20,"column":80}},"5":{"start":{"line":24,"column":8},"end":{"line":24,"column":30}}},"fnMap":{"0":{"name":"(anonymous_0)","decl":{"start":{"line":6,"column":4},"end":{"line":6,"column":5}},"loc":{"start":{"line":6,"column":96},"end":{"line":7,"column":5}},"line":6},"1":{"name":"(anonymous_1)","decl":{"start":{"line":9,"column":4},"end":{"line":9,"column":5}},"loc":{"start":{"line":9,"column":50},"end":{"line":17,"column":5}},"line":9},"2":{"name":"(anonymous_2)","decl":{"start":{"line":19,"column":4},"end":{"line":19,"column":5}},"loc":{"start":{"line":19,"column":24},"end":{"line":21,"column":5}},"line":19},"3":{"name":"(anonymous_3)","decl":{"start":{"line":23,"column":4},"end":{"line":23,"column":5}},"loc":{"start":{"line":23,"column":24},"end":{"line":25,"column":5}},"line":23}},"branchMap":{"0":{"loc":{"start":{"line":10,"column":8},"end":{"line":12,"column":9}},"type":"if","locations":[{"start":{"line":10,"column":8},"end":{"line":12,"column":9}},{"start":{},"end":{}}],"line":10},"1":{"loc":{"start":{"line":14,"column":8},"end":{"line":16,"column":9}},"type":"if","locations":[{"start":{"line":14,"column":8},"end":{"line":16,"column":9}},{"start":{},"end":{}}],"line":14}},"s":{"0":1,"1":1,"2":1,"3":1,"4":2,"5":1},"f":{"0":3,"1":1,"2":2,"3":1},"b":{"0":[1,0],"1":[1,0]},"_coverageSchema":"1a1c01bbd47fc00a2c39e90264f33305004495a9","hash":"1e6fd235c758622ae339ea91305825ebb73b41e8"}
,"/home/runner/work/Municipio/Municipio/assets/source/3.0/js/admin/eventSourceProgress/UIComponents/ProgressBarWithLabel.ts": {"path":"/home/runner/work/Municipio/Municipio/assets/source/3.0/js/admin/eventSourceProgress/UIComponents/ProgressBarWithLabel.ts","statementMap":{"0":{"start":{"line":9,"column":31},"end":{"line":9,"column":33}},"1":{"start":{"line":10,"column":46},"end":{"line":10,"column":71}},"2":{"start":{"line":13,"column":8},"end":{"line":13,"column":16}},"3":{"start":{"line":15,"column":8},"end":{"line":15,"column":43}},"4":{"start":{"line":16,"column":8},"end":{"line":16,"column":56}},"5":{"start":{"line":18,"column":8},"end":{"line":22,"column":10}},"6":{"start":{"line":24,"column":8},"end":{"line":24,"column":68}},"7":{"start":{"line":25,"column":8},"end":{"line":25,"column":62}},"8":{"start":{"line":26,"column":8},"end":{"line":26,"column":24}},"9":{"start":{"line":27,"column":8},"end":{"line":27,"column":26}},"10":{"start":{"line":29,"column":8},"end":{"line":29,"column":77}},"11":{"start":{"line":30,"column":8},"end":{"line":30,"column":56}},"12":{"start":{"line":34,"column":8},"end":{"line":34,"column":20}},"13":{"start":{"line":38,"column":8},"end":{"line":38,"column":58}},"14":{"start":{"line":39,"column":8},"end":{"line":41,"column":9}},"15":{"start":{"line":40,"column":12},"end":{"line":40,"column":30}},"16":{"start":{"line":42,"column":8},"end":{"line":42,"column":78}},"17":{"start":{"line":46,"column":8},"end":{"line":46,"column":27}},"18":{"start":{"line":47,"column":8},"end":{"line":47,"column":51}},"19":{"start":{"line":51,"column":8},"end":{"line":51,"column":55}},"20":{"start":{"line":55,"column":8},"end":{"line":55,"column":37}},"21":{"start":{"line":59,"column":8},"end":{"line":68,"column":9}},"22":{"start":{"line":60,"column":12},"end":{"line":67,"column":13}},"23":{"start":{"line":62,"column":20},"end":{"line":62,"column":44}},"24":{"start":{"line":63,"column":20},"end":{"line":63,"column":26}},"25":{"start":{"line":65,"column":20},"end":{"line":65,"column":55}},"26":{"start":{"line":66,"column":20},"end":{"line":66,"column":26}},"27":{"start":{"line":72,"column":8},"end":{"line":74,"column":9}},"28":{"start":{"line":73,"column":12},"end":{"line":73,"column":55}},"29":{"start":{"line":75,"column":8},"end":{"line":77,"column":9}},"30":{"start":{"line":76,"column":12},"end":{"line":76,"column":68}}},"fnMap":{"0":{"name":"(anonymous_0)","decl":{"start":{"line":12,"column":4},"end":{"line":12,"column":5}},"loc":{"start":{"line":12,"column":18},"end":{"line":31,"column":5}},"line":12},"1":{"name":"(anonymous_1)","decl":{"start":{"line":33,"column":4},"end":{"line":33,"column":5}},"loc":{"start":{"line":33,"column":37},"end":{"line":35,"column":5}},"line":33},"2":{"name":"(anonymous_2)","decl":{"start":{"line":37,"column":4},"end":{"line":37,"column":5}},"loc":{"start":{"line":37,"column":44},"end":{"line":43,"column":5}},"line":37},"3":{"name":"(anonymous_3)","decl":{"start":{"line":45,"column":4},"end":{"line":45,"column":5}},"loc":{"start":{"line":45,"column":41},"end":{"line":48,"column":5}},"line":45},"4":{"name":"(anonymous_4)","decl":{"start":{"line":50,"column":4},"end":{"line":50,"column":5}},"loc":{"start":{"line":50,"column":34},"end":{"line":52,"column":5}},"line":50},"5":{"name":"(anonymous_5)","decl":{"start":{"line":54,"column":4},"end":{"line":54,"column":5}},"loc":{"start":{"line":54,"column":36},"end":{"line":56,"column":5}},"line":54},"6":{"name":"(anonymous_6)","decl":{"start":{"line":58,"column":4},"end":{"line":58,"column":5}},"loc":{"start":{"line":58,"column":79},"end":{"line":69,"column":5}},"line":58},"7":{"name":"(anonymous_7)","decl":{"start":{"line":71,"column":4},"end":{"line":71,"column":5}},"loc":{"start":{"line":71,"column":24},"end":{"line":78,"column":5}},"line":71}},"branchMap":{"0":{"loc":{"start":{"line":39,"column":8},"end":{"line":41,"column":9}},"type":"if","locations":[{"start":{"line":39,"column":8},"end":{"line":41,"column":9}},{"start":{},"end":{}}],"line":39},"1":{"loc":{"start":{"line":59,"column":8},"end":{"line":68,"column":9}},"type":"if","locations":[{"start":{"line":59,"column":8},"end":{"line":68,"column":9}},{"start":{},"end":{}}],"line":59},"2":{"loc":{"start":{"line":60,"column":12},"end":{"line":67,"column":13}},"type":"switch","locations":[{"start":{"line":61,"column":16},"end":{"line":63,"column":26}},{"start":{"line":64,"column":16},"end":{"line":66,"column":26}}],"line":60},"3":{"loc":{"start":{"line":72,"column":8},"end":{"line":74,"column":9}},"type":"if","locations":[{"start":{"line":72,"column":8},"end":{"line":74,"column":9}},{"start":{},"end":{}}],"line":72},"4":{"loc":{"start":{"line":75,"column":8},"end":{"line":77,"column":9}},"type":"if","locations":[{"start":{"line":75,"column":8},"end":{"line":77,"column":9}},{"start":{},"end":{}}],"line":75}},"s":{"0":7,"1":2,"2":7,"3":7,"4":7,"5":7,"6":7,"7":7,"8":7,"9":7,"10":7,"11":7,"12":0,"13":2,"14":2,"15":1,"16":2,"17":1,"18":1,"19":7,"20":1,"21":3,"22":3,"23":1,"24":1,"25":2,"26":2,"27":0,"28":0,"29":0,"30":0},"f":{"0":7,"1":0,"2":2,"3":1,"4":7,"5":1,"6":3,"7":0},"b":{"0":[1,1],"1":[3,0],"2":[1,2],"3":[0,0],"4":[0,0]},"_coverageSchema":"1a1c01bbd47fc00a2c39e90264f33305004495a9","hash":"734d673546901d28ebd5363dd5497c84d03c07ee"}
}
