TN:
SF:jest-raw-loader.js
FN:5,(anonymous_0)
FNF:1
FNH:0
FNDA:0,(anonymous_0)
DA:2,2
DA:4,2
DA:7,0
DA:8,0
DA:9,0
DA:10,0
DA:11,0
DA:12,0
DA:16,0
DA:17,0
DA:22,0
LF:11
LH:2
BRDA:8,0,0,0
BRDA:8,0,1,0
BRF:2
BRH:0
end_of_record
TN:
SF:assets/source/3.0/js/admin/eventSourceProgress/EventSourceHandlerWithProgressBar.ts
FN:10,(anonymous_0)
FN:13,(anonymous_1)
FN:20,(anonymous_2)
FN:21,(anonymous_3)
FN:27,(anonymous_4)
FN:34,(anonymous_5)
FN:41,(anonymous_6)
FN:45,(anonymous_7)
FN:49,(anonymous_8)
FN:55,(anonymous_9)
FNF:10
FNH:0
FNDA:0,(anonymous_0)
FNDA:0,(anonymous_1)
FNDA:0,(anonymous_2)
FNDA:0,(anonymous_3)
FNDA:0,(anonymous_4)
FNDA:0,(anonymous_5)
FNDA:0,(anonymous_6)
FNDA:0,(anonymous_7)
FNDA:0,(anonymous_8)
FNDA:0,(anonymous_9)
DA:8,0
DA:14,0
DA:15,0
DA:16,0
DA:17,0
DA:21,0
DA:22,0
DA:28,0
DA:29,0
DA:30,0
DA:31,0
DA:35,0
DA:36,0
DA:37,0
DA:38,0
DA:42,0
DA:46,0
DA:50,0
DA:51,0
DA:52,0
DA:56,0
DA:57,0
DA:58,0
LF:23
LH:0
BRF:0
BRH:0
end_of_record
TN:
SF:assets/source/3.0/js/admin/eventSourceProgress/EventSourceTrigger.ts
FN:10,(anonymous_0)
FN:15,(anonymous_1)
FN:20,(anonymous_2)
FNF:3
FNH:3
FNDA:6,(anonymous_0)
FNDA:1,(anonymous_1)
FNDA:8,(anonymous_2)
DA:11,6
DA:12,6
DA:16,1
DA:17,1
DA:21,8
DA:22,8
DA:23,8
LF:7
LH:7
BRF:0
BRH:0
end_of_record
TN:
SF:assets/source/3.0/js/admin/eventSourceProgress/ProgressBar.ts
FN:6,(anonymous_0)
FN:9,(anonymous_1)
FN:19,(anonymous_2)
FN:23,(anonymous_3)
FNF:4
FNH:4
FNDA:3,(anonymous_0)
FNDA:1,(anonymous_1)
FNDA:2,(anonymous_2)
FNDA:1,(anonymous_3)
DA:10,1
DA:11,1
DA:14,1
DA:15,1
DA:20,2
DA:24,1
LF:6
LH:6
BRDA:10,0,0,1
BRDA:10,0,1,0
BRDA:14,1,0,1
BRDA:14,1,1,0
BRF:4
BRH:2
end_of_record
TN:
SF:assets/source/3.0/js/admin/eventSourceProgress/UIComponents/ProgressBarWithLabel.ts
FN:12,(anonymous_0)
FN:33,(anonymous_1)
FN:37,(anonymous_2)
FN:45,(anonymous_3)
FN:50,(anonymous_4)
FN:54,(anonymous_5)
FN:58,(anonymous_6)
FN:71,(anonymous_7)
FNF:8
FNH:6
FNDA:7,(anonymous_0)
FNDA:0,(anonymous_1)
FNDA:2,(anonymous_2)
FNDA:1,(anonymous_3)
FNDA:7,(anonymous_4)
FNDA:1,(anonymous_5)
FNDA:3,(anonymous_6)
FNDA:0,(anonymous_7)
DA:9,7
DA:10,2
DA:13,7
DA:15,7
DA:16,7
DA:18,7
DA:24,7
DA:25,7
DA:26,7
DA:27,7
DA:29,7
DA:30,7
DA:34,0
DA:38,2
DA:39,2
DA:40,1
DA:42,2
DA:46,1
DA:47,1
DA:51,7
DA:55,1
DA:59,3
DA:60,3
DA:62,1
DA:63,1
DA:65,2
DA:66,2
DA:72,0
DA:73,0
DA:75,0
DA:76,0
LF:31
LH:26
BRDA:39,0,0,1
BRDA:39,0,1,1
BRDA:59,1,0,3
BRDA:59,1,1,0
BRDA:60,2,0,1
BRDA:60,2,1,2
BRDA:72,3,0,0
BRDA:72,3,1,0
BRDA:75,4,0,0
BRDA:75,4,1,0
BRF:10
BRH:5
end_of_record
